<?xml version="1.0" encoding="UTF-8"?>
<testsuite name="TestSuite" time="1,159.804" tests="9" errors="0" skipped="0" failures="0">
  <properties>
    <property name="java.runtime.name" value="Java(TM) SE Runtime Environment"/>
    <property name="sun.boot.library.path" value="D:\Program Files\Java\jdk1.7.0_21\jre\bin"/>
    <property name="java.vm.version" value="23.21-b01"/>
    <property name="java.vm.vendor" value="Oracle Corporation"/>
    <property name="java.vendor.url" value="http://java.oracle.com/"/>
    <property name="path.separator" value=";"/>
    <property name="guice.disable.misplaced.annotation.check" value="true"/>
    <property name="java.vm.name" value="Java HotSpot(TM) 64-Bit Server VM"/>
    <property name="file.encoding.pkg" value="sun.io"/>
    <property name="user.script" value=""/>
    <property name="user.country" value="CN"/>
    <property name="sun.java.launcher" value="SUN_STANDARD"/>
    <property name="sun.os.patch.level" value="Service Pack 1"/>
    <property name="java.vm.specification.name" value="Java Virtual Machine Specification"/>
    <property name="user.dir" value="D:\works\lzmhwy"/>
    <property name="java.runtime.version" value="1.7.0_21-b11"/>
    <property name="java.awt.graphicsenv" value="sun.awt.Win32GraphicsEnvironment"/>
    <property name="java.endorsed.dirs" value="D:\Program Files\Java\jdk1.7.0_21\jre\lib\endorsed"/>
    <property name="os.arch" value="amd64"/>
    <property name="java.io.tmpdir" value="C:\Users\ADMINI~1\AppData\Local\Temp\"/>
    <property name="line.separator" value="&#10;"/>
    <property name="java.vm.specification.vendor" value="Oracle Corporation"/>
    <property name="user.variant" value=""/>
    <property name="os.name" value="Windows 7"/>
    <property name="classworlds.conf" value="D:\works\.metadata\.plugins\org.eclipse.m2e.launching\launches\m2conf4982938830921053481.tmp"/>
    <property name="sun.jnu.encoding" value="GBK"/>
    <property name="java.library.path" value="D:\Program Files\Java\jdk1.7.0_21\bin;C:\Windows\Sun\Java\bin;C:\Windows\system32;C:\Windows;D:/Program Files/Java/jre8/bin/server;D:/Program Files/Java/jre8/bin;D:/Program Files/Java/jre8/lib/amd64;C:\ProgramData\Oracle\Java\javapath;C:\Program Files (x86)\Common Files\NetSarang;D:\Program Files\Java\jdk1.8.0_131\bin;D:\Program Files\Java\jdk1.8.0_131\jre\bin;C:\Windows\system32;C:\Windows;C:\Windows\System32\Wbem;C:\Windows\System32\WindowsPowerShell\v1.0\;C:\Program Files (x86)\NVIDIA Corporation\PhysX\Common;C:\strawberry\c\bin;C:\strawberry\perl\bin;D:\apache-maven-3.3.9\bin;D:\Program Files\TortoiseGit\bin;d:\Program Files\Git\cmd;D:\Program Files\TortoiseSVN\bin;D:\Python27;D:\Program Files (x86)\Appium\node_modules\.bin;D:\andriod\sdk\platform-tools;D:\andriod\sdk\tools;D:\apache-maven-3.3.9\bin;D:\Program Files\nodejs\;E:\sonar\sonar-scanner\bin;D:\Program Files\GO\bin;C:\Users\Administrator\AppData\Roaming\npm;D:\eclipse;;."/>
    <property name="java.specification.name" value="Java Platform API Specification"/>
    <property name="java.class.version" value="51.0"/>
    <property name="sun.management.compiler" value="HotSpot 64-Bit Tiered Compilers"/>
    <property name="os.version" value="6.1"/>
    <property name="user.home" value="C:\Users\Administrator"/>
    <property name="user.timezone" value="Asia/Shanghai"/>
    <property name="java.awt.printerjob" value="sun.awt.windows.WPrinterJob"/>
    <property name="java.specification.version" value="1.7"/>
    <property name="file.encoding" value="UTF-8"/>
    <property name="user.name" value="Administrator"/>
    <property name="java.class.path" value="/D:/eclipse/plugins/org.eclipse.m2e.maven.runtime_1.5.0.20140605-2032/jars/plexus-classworlds-2.5.1.jar"/>
    <property name="org.slf4j.simpleLogger.defaultLogLevel" value="info"/>
    <property name="java.vm.specification.version" value="1.7"/>
    <property name="sun.arch.data.model" value="64"/>
    <property name="java.home" value="D:\Program Files\Java\jdk1.7.0_21\jre"/>
    <property name="sun.java.command" value="org.codehaus.plexus.classworlds.launcher.Launcher -B -s D:\apache-maven-3.3.9\conf\settings.xml install"/>
    <property name="java.specification.vendor" value="Oracle Corporation"/>
    <property name="user.language" value="zh"/>
    <property name="awt.toolkit" value="sun.awt.windows.WToolkit"/>
    <property name="java.vm.info" value="mixed mode"/>
    <property name="java.version" value="1.7.0_21"/>
    <property name="java.ext.dirs" value="D:\Program Files\Java\jdk1.7.0_21\jre\lib\ext;C:\Windows\Sun\Java\lib\ext"/>
    <property name="sun.boot.class.path" value="D:\Program Files\Java\jdk1.7.0_21\jre\lib\resources.jar;D:\Program Files\Java\jdk1.7.0_21\jre\lib\rt.jar;D:\Program Files\Java\jdk1.7.0_21\jre\lib\sunrsasign.jar;D:\Program Files\Java\jdk1.7.0_21\jre\lib\jsse.jar;D:\Program Files\Java\jdk1.7.0_21\jre\lib\jce.jar;D:\Program Files\Java\jdk1.7.0_21\jre\lib\charsets.jar;D:\Program Files\Java\jdk1.7.0_21\jre\lib\jfr.jar;D:\Program Files\Java\jdk1.7.0_21\jre\classes"/>
    <property name="java.vendor" value="Oracle Corporation"/>
    <property name="maven.home" value="D:\works\lzmhwy\EMBEDDED"/>
    <property name="file.separator" value="\"/>
    <property name="java.vendor.url.bug" value="http://bugreport.sun.com/bugreport/"/>
    <property name="sun.cpu.endian" value="little"/>
    <property name="sun.io.unicode.encoding" value="UnicodeLittle"/>
    <property name="sun.desktop" value="windows"/>
    <property name="sun.cpu.isalist" value="amd64"/>
  </properties>
  <testcase name="systemLogin" classname="testng.wyController" time="19.73"/>
  <testcase name="cardTypeAction" classname="testng.wyController" time="40.194"/>
  <testcase name="cardHouseAction" classname="testng.wyController" time="211.043"/>
  <testcase name="cardPublicAction" classname="testng.wyController" time="245.373"/>
  <testcase name="blackListAction" classname="testng.wyController" time="208.282"/>
  <testcase name="expireCardAction" classname="testng.wyController" time="260.976"/>
  <testcase name="deleteAction" classname="testng.wyController" time="24.864"/>
  <testcase name="systemLogin" classname="testng.CommunityController" time="18.062"/>
  <testcase name="deleteAction" classname="testng.CommunityController" time="131.28"/>
</testsuite>