<?xml version="1.0" encoding="UTF-8"?>
<!-- Generated by org.testng.reporters.JUnitReportReporter -->
<testsuite hostname="PC201605191017" name="testng.wyController" tests="7" failures="0" timestamp="11 Jun 2018 09:15:18 GMT" time="1010.509" errors="0">
  <testcase name="expireCardAction" time="260.976" classname="testng.wyController"/>
  <testcase name="blackListAction" time="208.310" classname="testng.wyController"/>
  <testcase name="cardPublicAction" time="245.375" classname="testng.wyController"/>
  <testcase name="cardTypeAction" time="40.217" classname="testng.wyController"/>
  <testcase name="systemLogin" time="19.721" classname="testng.wyController"/>
  <testcase name="cardHouseAction" time="211.046" classname="testng.wyController"/>
  <testcase name="deleteAction" time="24.864" classname="testng.wyController"/>
</testsuite> <!-- testng.wyController -->
